[2016-05-15 16:55:17] START
[2016-05-15 16:55:17] EDIT blogpost/controllers/default.py: 1
[2016-05-15 16:56:56] EDIT blogpost/controllers/default.py: 1
[2016-05-15 16:57:08] EDIT blogpost/controllers/default.py: 1
[2016-05-15 16:57:09] EDIT blogpost/controllers/default.py: 0
[2016-05-15 16:57:29] EDIT blogpost/controllers/default.py: 0
[2016-05-15 16:57:31] EDIT blogpost/controllers/default.py: 0
[2016-05-15 16:57:52] EDIT blogpost/controllers/default.py: 0
[2016-05-15 16:58:23] EDIT blogpost/controllers/default.py: 1
[2016-05-15 17:00:49] EDIT blogpost/controllers/default.py: 0
[2016-05-15 17:00:52] EDIT blogpost/controllers/default.py: 0
[2016-05-15 17:00:56] EDIT blogpost/controllers/default.py: 0
[2016-05-15 17:01:21] EDIT blogpost/controllers/default.py: 0
[2016-05-15 17:01:22] EDIT blogpost/controllers/default.py: 0
[2016-05-15 17:02:06] EDIT blogpost/controllers/default.py: 0
[2016-05-15 17:03:18] EDIT blogpost/controllers/default.py: 0
[2016-05-15 17:03:19] EDIT blogpost/controllers/default.py: 0
[2016-05-15 17:03:25] EDIT blogpost/controllers/default.py: 0
[2016-05-15 17:03:28] EDIT blogpost/controllers/default.py: 0
[2016-05-15 17:12:38] EDIT blogpost/controllers/default.py: -5
[2016-05-15 17:12:51] EDIT blogpost/controllers/default.py: 0
[2016-05-15 17:15:45] EDIT blogpost/controllers/default.py: -1
[2016-05-15 17:18:38] EDIT blogpost/controllers/default.py: 1
[2016-05-15 17:19:13] EDIT blogpost/views/default/show.html: -5
[2016-05-15 17:27:59] EDIT blogpost/views/default/show.html: 3
[2016-05-15 17:30:31] EDIT blogpost/views/default/show.html: 0
[2016-05-15 17:35:19] EDIT blogpost/views/default/show.html: 0
[2016-05-15 17:38:53] EDIT blogpost/views/default/show.html: 0
[2016-05-15 17:39:32] EDIT blogpost/views/default/show.html: 0
[2016-05-15 17:41:50] EDIT blogpost/views/default/show.html: 1
[2016-05-15 17:42:15] EDIT blogpost/views/default/show.html: 0
[2016-05-15 17:42:17] EDIT blogpost/views/default/show.html: 0
[2016-05-15 17:42:30] EDIT blogpost/views/default/show.html: 0
[2016-05-15 19:03:23] EDIT blogpost/views/default/show.html: -2
[2016-05-15 19:03:45] EDIT blogpost/views/default/show.html: 1
[2016-05-15 19:04:04] EDIT blogpost/views/default/show.html: 0
[2016-05-15 19:04:14] EDIT blogpost/views/default/show.html: 0
[2016-05-15 19:23:15] EDIT blogpost/views/default/show.html: 4
[2016-05-15 19:28:55] EDIT blogpost/controllers/default.py: 3
[2016-05-15 19:30:02] EDIT blogpost/controllers/default.py: -1
[2016-05-15 19:30:24] EDIT blogpost/controllers/default.py: 1
[2016-05-15 19:30:32] EDIT blogpost/controllers/default.py: 0
[2016-05-15 19:30:49] EDIT blogpost/controllers/default.py: 0
[2016-05-15 19:31:34] EDIT blogpost/controllers/default.py: 0
[2016-05-15 19:31:44] EDIT blogpost/controllers/default.py: 0
[2016-05-15 19:32:07] EDIT blogpost/controllers/default.py: 0
[2016-05-15 19:32:30] EDIT blogpost/controllers/default.py: -1
[2016-05-15 19:32:57] EDIT blogpost/controllers/default.py: 1
[2016-05-15 19:33:23] EDIT blogpost/controllers/default.py: 0
[2016-05-15 19:41:38] EDIT blogpost/controllers/default.py: -1
[2016-05-15 19:49:16] EDIT blogpost/controllers/default.py: 6
[2016-05-15 19:50:30] EDIT blogpost/controllers/default.py: 0
[2016-05-15 19:54:19] EDIT blogpost/controllers/default.py: 1
[2016-05-15 20:08:32] EDIT blogpost/views/default/show.html: -4
[2016-05-15 20:08:32] EDIT blogpost/views/default/show.html: 0
[2016-05-15 20:08:56] EDIT blogpost/controllers/default.py: 0
[2016-05-15 20:08:56] EDIT blogpost/controllers/default.py: 0
[2016-05-15 20:08:57] EDIT blogpost/controllers/default.py: 0
[2016-05-15 20:09:08] EDIT blogpost/controllers/default.py: 0
[2016-05-15 20:09:59] EDIT blogpost/controllers/default.py: 0
[2016-05-15 20:11:24] EDIT blogpost/views/default/show.html: 3
[2016-05-15 20:17:57] EDIT blogpost/views/default/show.html: -2
[2016-05-15 20:18:14] EDIT blogpost/views/default/show.html: 2
[2016-05-15 20:19:09] EDIT blogpost/views/default/show.html: -1
[2016-05-15 20:19:18] EDIT blogpost/views/default/show.html: 1
[2016-05-15 20:22:40] EDIT blogpost/controllers/default.py: 0
[2016-05-15 20:22:48] EDIT blogpost/controllers/default.py: 0
[2016-05-15 22:54:16] EDIT blogpost/views/default/add_comment.html: 4
[2016-05-15 23:01:12] EDIT blogpost/views/default/show.html: -1
[2016-05-15 23:02:33] EDIT blogpost/controllers/default.py: 0
[2016-05-15 23:06:08] EDIT blogpost/views/default/show.html: -1
[2016-05-15 23:06:41] EDIT blogpost/views/default/show.html: 1
[2016-05-15 23:07:13] EDIT blogpost/views/default/show.html: 2
[2016-05-15 23:08:47] EDIT blogpost/views/default/show.html: 1
[2016-05-15 23:09:13] EDIT blogpost/views/default/show.html: -1
[2016-05-15 23:19:16] EDIT blogpost/views/default/show.html: 0
[2016-05-15 23:22:08] EDIT blogpost/views/default/show.html: 0
[2016-05-15 23:25:38] EDIT blogpost/views/default/show.html: 0
[2016-05-15 23:34:15] EDIT blogpost/views/default/show.html: 0
[2016-05-16 13:04:35] EDIT blogpost/views/default/show.html: 0
[2016-05-16 13:05:10] EDIT blogpost/views/default/show.html: 0
[2016-05-16 13:07:00] EDIT blogpost/views/default/show.html: 0
[2016-05-16 13:07:32] EDIT blogpost/views/default/show.html: 0
[2016-05-16 13:07:54] EDIT blogpost/views/default/show.html: 0
[2016-05-16 13:14:14] EDIT blogpost/views/default/show.html: 0
[2016-05-16 13:14:36] EDIT blogpost/views/default/show.html: 0
[2016-05-16 13:16:19] EDIT blogpost/views/default/show.html: 2
[2016-05-16 13:16:47] EDIT blogpost/views/default/show.html: 0
[2016-05-16 13:18:18] EDIT blogpost/views/default/show.html: -2
[2016-05-16 13:23:39] EDIT blogpost/views/default/show.html: 0
[2016-05-16 13:26:08] EDIT blogpost/views/default/show.html: -2
[2016-05-16 13:27:33] EDIT blogpost/views/default/show.html: 2
[2016-05-16 13:28:38] EDIT blogpost/views/default/show.html: 1
[2016-05-16 13:29:28] EDIT blogpost/views/default/show.html: 2
[2016-05-16 13:29:40] EDIT blogpost/views/default/show.html: 0
[2016-05-16 13:30:07] EDIT blogpost/views/default/show.html: -2
[2016-05-16 13:30:23] EDIT blogpost/views/default/show.html: 0
[2016-05-16 13:30:44] EDIT blogpost/views/default/show.html: 2
[2016-05-16 13:30:53] EDIT blogpost/views/default/show.html: -5
[2016-05-16 13:31:33] EDIT blogpost/controllers/default.py: 1
[2016-05-16 13:32:17] EDIT blogpost/controllers/default.py: 1
[2016-05-16 13:32:25] EDIT blogpost/controllers/default.py: 1
[2016-05-16 13:32:25] EDIT blogpost/controllers/default.py: 0
[2016-05-16 13:32:26] EDIT blogpost/controllers/default.py: 0
[2016-05-16 13:32:26] EDIT blogpost/controllers/default.py: 0
[2016-05-16 13:32:26] EDIT blogpost/controllers/default.py: 0
[2016-05-16 13:32:27] EDIT blogpost/controllers/default.py: 0
[2016-05-16 13:32:30] EDIT blogpost/controllers/default.py: 0
[2016-05-16 13:39:39] EDIT blogpost/controllers/default.py: 5
[2016-05-16 13:39:46] EDIT blogpost/controllers/default.py: 0
[2016-05-16 13:41:08] EDIT blogpost/controllers/default.py: -3
[2016-05-16 13:42:12] EDIT blogpost/views/default/show.html: 2
[2016-05-16 13:42:21] EDIT blogpost/views/default/show.html: 0
[2016-05-16 13:42:52] EDIT blogpost/views/default/show.html: 0
[2016-05-16 13:43:04] EDIT blogpost/views/default/show.html: -1
[2016-05-16 13:44:37] EDIT blogpost/views/default/show.html: 0
[2016-05-16 13:45:24] EDIT blogpost/views/default/show.html: 1
[2016-05-16 13:58:24] EDIT blogpost/controllers/default.py: 2
[2016-05-16 14:05:40] EDIT blogpost/controllers/default.py: 4
[2016-05-16 14:06:25] EDIT blogpost/controllers/default.py: 1
[2016-05-16 14:06:44] EDIT blogpost/controllers/default.py: 0
[2016-05-16 14:08:50] EDIT blogpost/controllers/default.py: 0
[2016-05-16 14:10:26] EDIT blogpost/controllers/default.py: 0
[2016-05-16 14:10:39] EDIT blogpost/controllers/default.py: 0
[2016-05-16 14:12:40] EDIT blogpost/views/default/show.html: 3
[2016-05-16 14:13:08] EDIT blogpost/views/default/show.html: 0
[2016-05-16 14:14:05] EDIT blogpost/views/default/show.html: 0
[2016-05-16 14:15:03] EDIT blogpost/views/default/show.html: 0
[2016-05-16 14:17:01] EDIT blogpost/views/default/show.html: 0
[2016-05-16 14:17:45] EDIT blogpost/views/default/show.html: 0
[2016-05-16 14:21:55] EDIT blogpost/controllers/default.py: 0
[2016-05-16 14:26:31] EDIT blogpost/views/default/show.html: 0
[2016-05-16 14:27:29] EDIT blogpost/views/default/show.html: 0
[2016-05-16 14:30:28] EDIT blogpost/views/default/show.html: 0
[2016-05-16 14:35:36] EDIT blogpost/views/default/show.html: 0
[2016-05-16 14:35:48] EDIT blogpost/views/default/show.html: 0
[2016-05-16 16:29:54] EDIT blogpost/controllers/default.py: 0
[2016-05-16 16:30:15] EDIT blogpost/controllers/default.py: 0
[2016-05-16 16:30:35] EDIT blogpost/views/default/show.html: 0
[2016-05-16 16:31:02] EDIT blogpost/views/default/show.html: 0
[2016-05-16 16:31:25] EDIT blogpost/views/default/show.html: 0
[2016-05-16 16:31:56] EDIT blogpost/views/default/show.html: -3
[2016-05-16 16:33:39] EDIT blogpost/controllers/default.py: -1
[2016-05-16 16:34:02] EDIT blogpost/views/default/show.html: 3
[2016-05-16 16:34:30] EDIT blogpost/views/default/show.html: 0
[2016-05-16 16:34:42] EDIT blogpost/views/default/show.html: 0
[2016-05-16 16:36:58] EDIT blogpost/views/default/show.html: 0
[2016-05-16 16:38:52] EDIT blogpost/views/default/show.html: 0
[2016-05-16 16:40:44] EDIT blogpost/views/default/show.html: 0
[2016-05-16 16:43:18] EDIT blogpost/views/default/show.html: 0
[2016-05-16 16:57:22] EDIT blogpost/views/default/show.html: 0
[2016-05-16 16:57:57] EDIT blogpost/views/default/show.html: 0
[2016-05-16 17:03:25] EDIT blogpost/controllers/default.py: 0
[2016-05-16 17:03:33] EDIT blogpost/views/default/show.html: 0
[2016-05-16 17:03:53] EDIT blogpost/controllers/default.py: 0
[2016-05-16 17:07:49] EDIT blogpost/controllers/default.py: 0
[2016-05-16 17:08:37] EDIT blogpost/views/default/show.html: 0
[2016-05-16 17:09:11] EDIT blogpost/controllers/default.py: 0
[2016-05-16 17:09:14] EDIT blogpost/views/default/show.html: 0
[2016-05-16 17:47:00] EDIT blogpost/views/default/show.html: 0
[2016-05-16 17:47:31] EDIT blogpost/views/default/show.html: 0
[2016-05-16 17:47:55] EDIT blogpost/views/default/show.html: 0
[2016-05-16 17:48:34] EDIT blogpost/views/default/show.html: 0
[2016-05-16 17:49:21] EDIT blogpost/views/default/show.html: 0
[2016-05-16 19:41:04] EDIT blogpost/views/default/show.html: 0
[2016-05-16 20:04:33] EDIT blogpost/controllers/default.py: 0
[2016-05-16 20:05:16] EDIT blogpost/views/default/show.html: -1
[2016-05-16 20:05:47] EDIT blogpost/controllers/default.py: 0
[2016-05-16 20:06:31] EDIT blogpost/controllers/default.py: 0
[2016-05-16 20:06:40] EDIT blogpost/views/default/show.html: -1
[2016-05-16 20:17:53] EDIT blogpost/views/default/show.html: 2
[2016-05-16 20:25:25] EDIT blogpost/controllers/default.py: 0
[2016-05-16 20:25:55] EDIT blogpost/controllers/default.py: 0
[2016-05-16 20:30:51] EDIT blogpost/controllers/default.py: 0
[2016-05-16 20:33:15] EDIT blogpost/views/default/show.html: 0
[2016-05-16 20:33:29] EDIT blogpost/views/default/show.html: 1
[2016-05-16 20:33:38] EDIT blogpost/views/default/show.html: 0
[2016-05-16 20:34:09] EDIT blogpost/controllers/default.py: -1
[2016-05-16 20:37:17] EDIT blogpost/controllers/default.py: 3
[2016-05-16 20:37:23] EDIT blogpost/controllers/default.py: 0
[2016-05-16 20:39:34] EDIT blogpost/controllers/default.py: 1
[2016-05-16 20:41:17] EDIT blogpost/views/default/show.html: 3
[2016-05-16 20:41:34] EDIT blogpost/controllers/default.py: 0
[2016-05-16 20:43:01] EDIT blogpost/controllers/default.py: 19
[2016-05-16 20:45:57] EDIT blogpost/views/default/show.html: -3
[2016-05-16 20:46:39] EDIT blogpost/views/default/show.html: 0
[2016-05-16 20:46:48] EDIT blogpost/controllers/default.py: -30
[2016-05-17 00:00:26] EDIT blogpost/controllers/default.py: 4
[2016-05-17 00:00:50] EDIT blogpost/controllers/default.py: 1
[2016-05-17 00:01:07] EDIT blogpost/controllers/default.py: 0
[2016-05-17 00:02:52] EDIT blogpost/views/default/show.html: 3
[2016-05-17 00:04:29] EDIT blogpost/controllers/default.py: 0
[2016-05-17 00:05:20] CREATE default/show_all.html: 0
[2016-05-17 00:06:18] EDIT blogpost/views/default/show_all.html: 11
[2016-05-17 00:06:57] EDIT blogpost/controllers/default.py: 26
[2016-05-17 00:07:19] EDIT blogpost/views/default/show.html: 0
[2016-05-17 00:11:46] EDIT blogpost/controllers/default.py: 0
[2016-05-17 00:12:22] EDIT blogpost/views/default/show.html: -3
[2016-05-17 00:12:39] EDIT blogpost/controllers/default.py: -31
[2016-05-17 11:12:48] EDIT blogpost/views/default/show.html: 3
[2016-05-17 11:13:38] EDIT blogpost/views/default/show.html: -3
[2016-05-17 11:16:03] EDIT blogpost/views/default/show.html: 3
[2016-05-17 11:22:09] EDIT blogpost/views/default/show.html: 1
[2016-05-17 11:23:57] EDIT blogpost/views/default/show.html: 0
[2016-05-17 11:24:20] EDIT blogpost/views/default/show.html: -4
[2016-05-17 11:41:41] EDIT blogpost/controllers/default.py: 2
[2016-05-17 11:49:29] EDIT blogpost/views/default/show.html: 5
[2016-05-17 11:55:43] EDIT blogpost/views/default/show.html: 0
[2016-05-17 11:57:07] EDIT blogpost/views/default/show.html: 0
[2016-05-17 12:01:12] EDIT blogpost/controllers/default.py: 4
[2016-05-17 12:01:52] EDIT blogpost/views/default/show.html: 0
[2016-05-17 12:09:27] EDIT blogpost/views/default/show.html: 0
[2016-05-17 12:09:48] EDIT blogpost/views/default/show.html: 0
[2016-05-17 12:22:00] EDIT blogpost/controllers/default.py: 1
[2016-05-17 12:22:30] EDIT blogpost/controllers/default.py: 1
[2016-05-17 12:22:30] EDIT blogpost/controllers/default.py: 0
[2016-05-17 12:26:35] EDIT blogpost/views/default/show.html: 0
[2016-05-17 12:27:19] EDIT blogpost/controllers/default.py: 0
[2016-05-17 12:27:19] EDIT blogpost/controllers/default.py: 0
[2016-05-17 12:27:47] EDIT blogpost/controllers/default.py: 1
[2016-05-17 12:27:47] EDIT blogpost/controllers/default.py: 0
[2016-05-17 12:27:48] EDIT blogpost/controllers/default.py: 0
[2016-05-17 12:27:48] EDIT blogpost/controllers/default.py: 0
[2016-05-17 12:27:48] EDIT blogpost/controllers/default.py: 0
[2016-05-17 12:27:49] EDIT blogpost/controllers/default.py: 0
[2016-05-17 12:27:49] EDIT blogpost/controllers/default.py: 0
[2016-05-17 12:27:49] EDIT blogpost/controllers/default.py: 0
[2016-05-17 12:27:51] EDIT blogpost/controllers/default.py: 0
[2016-05-17 12:29:06] EDIT blogpost/views/default/show.html: 1
[2016-05-17 12:29:07] EDIT blogpost/views/default/show.html: 0
[2016-05-17 12:29:07] EDIT blogpost/views/default/show.html: 0
[2016-05-17 12:29:41] EDIT blogpost/views/default/show.html: -1
[2016-05-17 12:31:23] EDIT blogpost/controllers/default.py: 0
[2016-05-17 12:31:23] EDIT blogpost/controllers/default.py: 0
[2016-05-17 12:31:23] EDIT blogpost/controllers/default.py: 0
[2016-05-17 12:31:24] EDIT blogpost/controllers/default.py: 0
[2016-05-17 12:31:24] EDIT blogpost/controllers/default.py: 0
[2016-05-17 12:31:24] EDIT blogpost/controllers/default.py: 0
[2016-05-17 12:31:29] EDIT blogpost/controllers/default.py: 0
[2016-05-17 12:31:34] EDIT blogpost/controllers/default.py: 0
[2016-05-17 12:32:15] EDIT blogpost/controllers/default.py: 0
[2016-05-17 12:32:43] EDIT blogpost/controllers/default.py: 1
[2016-05-17 12:33:32] EDIT blogpost/controllers/default.py: 0
[2016-05-17 12:33:32] EDIT blogpost/controllers/default.py: 0
[2016-05-17 12:42:56] EDIT blogpost/models/db.py: 1
[2016-05-17 12:43:10] EDIT blogpost/models/db.py: 0
[2016-05-17 12:44:58] EDIT blogpost/models/db.py: 0
[2016-05-17 12:48:35] EDIT blogpost/controllers/default.py: 2
[2016-05-17 12:51:01] EDIT blogpost/controllers/default.py: 1
[2016-05-17 12:51:14] EDIT blogpost/controllers/default.py: 0
[2016-05-17 12:59:25] EDIT blogpost/views/default/show.html: 5
[2016-05-17 13:00:57] EDIT blogpost/views/default/show.html: -1
[2016-05-17 13:04:38] EDIT blogpost/views/default/show.html: 0
[2016-05-17 13:06:05] EDIT blogpost/views/default/show.html: 0
[2016-05-17 13:10:47] CREATE default/edit_blog.html: 0
[2016-05-17 16:23:09] EDIT blogpost/controllers/default.py: 3
[2016-05-17 16:41:31] EDIT blogpost/views/default/show.html: 0
[2016-05-17 16:42:20] EDIT blogpost/views/default/show.html: 0
[2016-05-17 17:11:31] EDIT blogpost/views/default/show.html: 3
[2016-05-17 17:12:29] EDIT blogpost/controllers/default.py: -1
[2016-05-17 17:14:32] EDIT blogpost/views/default/show.html: 0
[2016-05-17 17:19:28] EDIT blogpost/controllers/default.py: 3
[2016-05-17 17:19:29] EDIT blogpost/controllers/default.py: 0
[2016-05-17 17:21:08] EDIT blogpost/views/default/show.html: 0
[2016-05-17 17:21:09] EDIT blogpost/views/default/show.html: 0
[2016-05-17 17:23:05] EDIT blogpost/views/default/edit_blog.html: 10
[2016-05-17 17:24:32] EDIT blogpost/views/default/show.html: 0
[2016-05-17 17:31:29] EDIT blogpost/views/default/show.html: 0
[2016-05-17 17:32:36] EDIT blogpost/views/default/edit_blog.html: 0
[2016-05-17 19:16:34] EDIT blogpost/views/default/show.html: 0
[2016-05-17 19:43:33] EDIT blogpost/views/default/show.html: 0
[2016-05-17 19:45:04] EDIT blogpost/views/default/show.html: 0
[2016-05-17 19:45:42] EDIT blogpost/views/default/show.html: 0
[2016-05-17 19:46:58] EDIT blogpost/views/default/show.html: 0
[2016-05-17 20:01:39] EDIT blogpost/views/default/edit_blog.html: 0
[2016-05-17 20:01:43] EDIT blogpost/views/default/edit_blog.html: 0
[2016-05-17 20:29:38] EDIT blogpost/views/default/show.html: 1
[2016-05-17 20:32:05] EDIT blogpost/views/default/show.html: 0
[2016-05-17 20:32:57] EDIT blogpost/views/default/show.html: 0
[2016-05-17 20:33:58] EDIT blogpost/controllers/default.py: 1
[2016-05-17 20:35:23] EDIT blogpost/views/default/edit_blog.html: 2
[2016-05-17 20:36:08] EDIT blogpost/views/default/edit_blog.html: 0
[2016-05-17 20:36:20] EDIT blogpost/views/default/edit_blog.html: 0
[2016-05-17 20:37:26] EDIT blogpost/views/default/edit_blog.html: 10
[2016-05-17 20:37:39] EDIT blogpost/views/default/edit_blog.html: 0
[2016-05-17 20:37:53] EDIT blogpost/views/default/edit_blog.html: 0
[2016-05-17 20:38:09] EDIT blogpost/views/default/edit_blog.html: 2
[2016-05-17 20:38:09] EDIT blogpost/views/default/edit_blog.html: 0
[2016-05-17 20:38:09] EDIT blogpost/views/default/edit_blog.html: 0
[2016-05-17 20:38:30] EDIT blogpost/views/default/edit_blog.html: 0
[2016-05-17 20:38:45] EDIT blogpost/views/default/edit_blog.html: 0
[2016-05-17 20:38:57] EDIT blogpost/views/default/edit_blog.html: 0
[2016-05-17 20:41:29] EDIT blogpost/views/default/show.html: 1
[2016-05-17 20:41:32] EDIT blogpost/views/default/show.html: 0
[2016-05-17 20:43:13] EDIT blogpost/controllers/default.py: 1
[2016-05-17 20:44:02] EDIT blogpost/views/default/show.html: 0
[2016-05-17 20:46:00] EDIT blogpost/views/default/show.html: 1
[2016-05-17 20:46:00] EDIT blogpost/views/default/show.html: 0
[2016-05-17 20:46:04] EDIT blogpost/views/default/show.html: 0
[2016-05-17 20:46:04] EDIT blogpost/views/default/show.html: 0
[2016-05-17 20:47:35] EDIT blogpost/controllers/default.py: 0
[2016-05-17 20:47:35] EDIT blogpost/controllers/default.py: 0
[2016-05-17 20:47:36] EDIT blogpost/controllers/default.py: 0
[2016-05-17 20:47:38] EDIT blogpost/controllers/default.py: 0
[2016-05-17 20:52:38] EDIT blogpost/views/default/edit_blog.html: 1
[2016-05-17 21:04:46] EDIT blogpost/controllers/default.py: 8
[2016-05-17 21:08:12] EDIT blogpost/controllers/default.py: 0
[2016-05-18 01:40:51] EDIT blogpost/views/default/show.html: -1
[2016-05-18 01:44:05] EDIT blogpost/views/default/show.html: 10
[2016-05-18 01:46:09] EDIT blogpost/controllers/default.py: 8
[2016-05-18 01:46:30] EDIT blogpost/views/default/show.html: 0
[2016-05-18 01:47:10] EDIT blogpost/controllers/default.py: 0
[2016-05-18 02:05:41] EDIT blogpost/views/default/show.html: 3
[2016-05-18 02:15:53] EDIT blogpost/controllers/default.py: 9
[2016-05-18 02:16:53] EDIT blogpost/views/default/show.html: 1
[2016-05-18 02:17:21] EDIT blogpost/views/default/show.html: 0
[2016-05-18 02:18:10] EDIT blogpost/views/default/show.html: 0
[2016-05-18 02:18:55] EDIT blogpost/controllers/default.py: 0
[2016-05-18 12:30:21] EDIT blogpost/controllers/default.py: 1
[2016-05-18 12:30:28] EDIT blogpost/controllers/default.py: 0
[2016-05-18 13:06:12] EDIT blogpost/views/default/add_comment.html: 1
[2016-05-18 13:07:29] EDIT blogpost/models/db.py: 1
[2016-05-18 13:10:20] EDIT blogpost/views/default/add_comment.html: -1
[2016-05-18 13:22:29] EDIT blogpost/views/default/show.html: 7
[2016-05-18 13:28:57] EDIT blogpost/views/default/show.html: -2
[2016-05-18 13:29:33] EDIT blogpost/views/default/show.html: 0
[2016-05-18 13:31:51] EDIT blogpost/controllers/default.py: 4
[2016-05-18 13:31:58] EDIT blogpost/controllers/default.py: 0
[2016-05-18 13:36:24] EDIT blogpost/controllers/default.py: 0
[2016-05-18 13:40:40] EDIT blogpost/views/default/show.html: -5
[2016-05-27 22:56:24] EDIT blogpost/models/db.py: 4
[2016-05-27 22:56:25] EDIT blogpost/models/db.py: 0
[2016-05-27 23:22:00] EDIT blogpost/controllers/default.py: 2
[2016-05-27 23:25:52] EDIT blogpost/controllers/default.py: -1
[2016-05-27 23:26:16] EDIT blogpost/controllers/default.py: 0
[2016-05-27 23:27:58] EDIT blogpost/views/default/show.html: 6
[2016-05-27 23:28:58] EDIT blogpost/views/default/show.html: 0
[2016-05-27 23:29:52] EDIT blogpost/controllers/default.py: 1
[2016-05-27 23:31:53] EDIT blogpost/controllers/default.py: -1
[2016-05-27 23:32:47] EDIT blogpost/controllers/default.py: 0
[2016-05-27 23:35:31] EDIT blogpost/controllers/default.py: 0
[2016-05-27 23:49:34] EDIT blogpost/controllers/default.py: 0
[2016-05-27 23:52:54] EDIT blogpost/controllers/default.py: 1
[2016-05-27 23:56:18] EDIT blogpost/controllers/default.py: 0
[2016-05-27 23:56:50] EDIT blogpost/controllers/default.py: 1
[2016-05-27 23:58:05] EDIT blogpost/controllers/default.py: 0
[2016-05-28 02:37:33] EDIT blogpost/controllers/default.py: -6
[2016-05-28 02:47:57] EDIT blogpost/controllers/default.py: 5
[2016-05-28 02:51:01] EDIT blogpost/controllers/default.py: -1
[2016-05-28 02:52:25] EDIT blogpost/controllers/default.py: 0
[2016-05-28 22:57:10] EDIT blogpost/controllers/default.py: -2
[2016-05-28 22:59:51] EDIT blogpost/controllers/default.py: 0
[2016-05-28 22:59:52] EDIT blogpost/controllers/default.py: 0
[2016-05-28 23:35:42] EDIT blogpost/controllers/default.py: 3
[2016-05-28 23:35:43] EDIT blogpost/controllers/default.py: 0
[2016-05-28 23:36:54] EDIT blogpost/controllers/default.py: 0
[2016-05-28 23:38:59] EDIT blogpost/controllers/default.py: -1
[2016-05-28 23:39:01] EDIT blogpost/controllers/default.py: 0
[2016-05-28 23:44:27] EDIT blogpost/controllers/default.py: 3
[2016-05-28 23:51:17] EDIT blogpost/views/default/show.html: 4
[2016-05-28 23:53:51] EDIT blogpost/views/default/show.html: 1
[2016-05-28 23:59:53] EDIT blogpost/controllers/default.py: 1
[2016-05-29 00:00:46] EDIT blogpost/views/default/show.html: -1
[2016-05-29 00:04:34] EDIT blogpost/views/default/show.html: 2
[2016-05-29 00:04:35] EDIT blogpost/views/default/show.html: 0
[2016-05-29 00:05:05] EDIT blogpost/views/default/show.html: 0
[2016-05-29 00:09:17] EDIT blogpost/controllers/default.py: 0
[2016-05-29 00:09:23] EDIT blogpost/controllers/default.py: 0
[2016-05-29 00:09:28] EDIT blogpost/controllers/default.py: 0
[2016-05-29 00:11:29] EDIT blogpost/views/default/show.html: -3
[2016-05-29 00:13:00] EDIT blogpost/controllers/default.py: 0
[2016-05-29 00:14:16] EDIT blogpost/views/default/show.html: -1
[2016-05-29 00:15:03] EDIT blogpost/views/default/show.html: 0
[2016-05-29 00:20:02] EDIT blogpost/controllers/default.py: 1
[2016-05-29 00:20:04] EDIT blogpost/controllers/default.py: 0
[2016-05-29 00:20:26] EDIT blogpost/controllers/default.py: 0
[2016-05-29 00:20:29] EDIT blogpost/controllers/default.py: 0
[2016-05-29 00:21:24] EDIT blogpost/controllers/default.py: 0
[2016-05-29 00:23:39] EDIT blogpost/models/db.py: 0
[2016-05-29 00:28:15] EDIT blogpost/controllers/default.py: 4
[2016-05-29 00:29:17] EDIT blogpost/views/default/show.html: 1
[2016-05-29 00:29:17] EDIT blogpost/views/default/show.html: 0
[2016-05-29 00:29:44] EDIT blogpost/views/default/show.html: 0
[2016-05-29 00:30:36] EDIT blogpost/controllers/default.py: 0
[2016-05-29 00:32:20] EDIT blogpost/controllers/default.py: 0
[2016-05-29 01:29:43] EDIT blogpost/views/default/show.html: 0
[2016-05-29 01:29:46] EDIT blogpost/views/default/show.html: 0
[2016-05-29 01:30:09] EDIT blogpost/controllers/default.py: 0
[2016-05-29 01:30:45] EDIT blogpost/views/default/show.html: 0
[2016-05-29 01:31:36] EDIT blogpost/views/default/show.html: 0
[2016-05-29 01:34:05] EDIT blogpost/controllers/default.py: -3
[2016-05-29 01:34:31] EDIT blogpost/views/default/show.html: -1
[2016-05-29 01:36:40] EDIT blogpost/controllers/default.py: 0
[2016-05-29 01:39:50] EDIT blogpost/views/default/show.html: 0
